1617430357579	geckodriver	INFO	Listening on 127.0.0.1:52258
1617430360600	mozrunner::runner	INFO	Running command: "C:\\Program Files\\Mozilla Firefox\\firefox.exe" "--marionette" "-foreground" "-no-remote" "-profile" "C:\\Users\\ASUS\\AppData\\Local\\Temp\\rust_mozprofileEZpcx0"
console.warn: SearchSettings: "get: No settings file exists, new profile?" (new Error("", "(unknown module)"))
1617430363446	Marionette	INFO	Listening on port 52269
1617430363769	Marionette	WARN	TLS certificate errors will be ignored for this session
1617430461026	geckodriver	INFO	Listening on 127.0.0.1:52388
1617430464037	mozrunner::runner	INFO	Running command: "C:\\Program Files\\Mozilla Firefox\\firefox.exe" "--marionette" "-foreground" "-no-remote" "-profile" "C:\\Users\\ASUS\\AppData\\Local\\Temp\\rust_mozprofileX9GWHS"
console.warn: SearchSettings: "get: No settings file exists, new profile?" (new Error("", "(unknown module)"))
1617430466984	Marionette	INFO	Listening on port 52397
1617430467170	Marionette	WARN	TLS certificate errors will be ignored for this session
1617430658707	geckodriver	INFO	Listening on 127.0.0.1:52573
1617430661714	mozrunner::runner	INFO	Running command: "C:\\Program Files\\Mozilla Firefox\\firefox.exe" "--marionette" "-foreground" "-no-remote" "-profile" "C:\\Users\\ASUS\\AppData\\Local\\Temp\\rust_mozprofile0Y9V8T"
console.warn: SearchSettings: "get: No settings file exists, new profile?" (new Error("", "(unknown module)"))
1617430664423	Marionette	INFO	Listening on port 52584
1617430664887	Marionette	WARN	TLS certificate errors will be ignored for this session
console.error: Region.jsm: "Error fetching region" (new Error("TIMEOUT", "resource://gre/modules/Region.jsm", 772))
console.error: Region.jsm: "Failed to fetch region" (new Error("TIMEOUT", "resource://gre/modules/Region.jsm", 419))
1617430669764	Marionette	INFO	Stopped listening on port 52584

###!!! [Child][RunMessage] Error: Channel closing: too late to send/recv, messages will be lost

1617430677981	geckodriver	INFO	Listening on 127.0.0.1:52630
1617430681015	mozrunner::runner	INFO	Running command: "C:\\Program Files\\Mozilla Firefox\\firefox.exe" "--marionette" "-foreground" "-no-remote" "-profile" "C:\\Users\\ASUS\\AppData\\Local\\Temp\\rust_mozprofile9PUJhj"
console.warn: SearchSettings: "get: No settings file exists, new profile?" (new Error("", "(unknown module)"))
1617430683652	Marionette	INFO	Listening on port 52639
1617430683687	Marionette	WARN	TLS certificate errors will be ignored for this session
console.error: Region.jsm: "Error fetching region" (new Error("TIMEOUT", "resource://gre/modules/Region.jsm", 772))
console.error: Region.jsm: "Failed to fetch region" (new Error("TIMEOUT", "resource://gre/modules/Region.jsm", 419))
1617434003274	geckodriver	INFO	Listening on 127.0.0.1:55252
1617434006285	mozrunner::runner	INFO	Running command: "C:\\Program Files\\Mozilla Firefox\\firefox.exe" "--marionette" "-foreground" "-no-remote" "-profile" "C:\\Users\\ASUS\\AppData\\Local\\Temp\\rust_mozprofilepQhCbE"
console.warn: SearchSettings: "get: No settings file exists, new profile?" (new Error("", "(unknown module)"))
1617434008959	Marionette	INFO	Listening on port 55261
1617434009061	Marionette	WARN	TLS certificate errors will be ignored for this session
console.error: Region.jsm: "Error fetching region" (new Error("TIMEOUT", "resource://gre/modules/Region.jsm", 772))
console.error: Region.jsm: "Failed to fetch region" (new Error("TIMEOUT", "resource://gre/modules/Region.jsm", 419))
JavaScript error: resource://gre/actors/AudioPlaybackParent.jsm, line 24: TypeError: browser is null
1617434363655	Marionette	INFO	Stopped listening on port 55261

###!!! [Child][RunMessage] Error: Channel closing: too late to send/recv, messages will be lost

1617434436451	geckodriver	INFO	Listening on 127.0.0.1:55620
1617434439477	mozrunner::runner	INFO	Running command: "C:\\Program Files\\Mozilla Firefox\\firefox.exe" "--marionette" "-foreground" "-no-remote" "-profile" "C:\\Users\\ASUS\\AppData\\Local\\Temp\\rust_mozprofile8L4ObK"
console.warn: SearchSettings: "get: No settings file exists, new profile?" (new Error("", "(unknown module)"))
1617434441820	Marionette	INFO	Listening on port 55629
1617434442121	Marionette	WARN	TLS certificate errors will be ignored for this session
1617434460335	Marionette	INFO	Stopped listening on port 55629

###!!! [Child][RunMessage] Error: Channel closing: too late to send/recv, messages will be lost

1617434589370	geckodriver	INFO	Listening on 127.0.0.1:55766
1617434592425	mozrunner::runner	INFO	Running command: "C:\\Program Files\\Mozilla Firefox\\firefox.exe" "--marionette" "-foreground" "-no-remote" "-profile" "C:\\Users\\ASUS\\AppData\\Local\\Temp\\rust_mozprofilenUJ7xW"
console.warn: SearchSettings: "get: No settings file exists, new profile?" (new Error("", "(unknown module)"))
1617434595058	Marionette	INFO	Listening on port 55775
1617434595114	Marionette	WARN	TLS certificate errors will be ignored for this session
1617434815047	Marionette	INFO	Stopped listening on port 55775

###!!! [Child][RunMessage] Error: Channel closing: too late to send/recv, messages will be lost

1617604388412	geckodriver	INFO	Listening on 127.0.0.1:50583
1617604391448	mozrunner::runner	INFO	Running command: "C:\\Program Files\\Mozilla Firefox\\firefox.exe" "--marionette" "-foreground" "-no-remote" "-profile" "C:\\Users\\ASUS\\AppData\\Local\\Temp\\rust_mozprofileIL31v5"
console.warn: SearchSettings: "get: No settings file exists, new profile?" (new Error("", "(unknown module)"))
1617604394709	Marionette	INFO	Listening on port 50591
1617604395144	Marionette	WARN	TLS certificate errors will be ignored for this session
1617604534299	Marionette	INFO	Stopped listening on port 50591

###!!! [Child][RunMessage] Error: Channel closing: too late to send/recv, messages will be lost

1617604550272	geckodriver	INFO	Listening on 127.0.0.1:50700
1617604553281	mozrunner::runner	INFO	Running command: "C:\\Program Files\\Mozilla Firefox\\firefox.exe" "--marionette" "-foreground" "-no-remote" "-profile" "C:\\Users\\ASUS\\AppData\\Local\\Temp\\rust_mozprofileKdDGwY"
console.warn: SearchSettings: "get: No settings file exists, new profile?" (new Error("", "(unknown module)"))
1617604555737	Marionette	INFO	Listening on port 50708
1617604555970	Marionette	WARN	TLS certificate errors will be ignored for this session
console.error: services.settings: 
  Message: TypeError: NetworkError when attempting to fetch resource.
console.error: services.settings: 
  Message: TypeError: NetworkError when attempting to fetch resource.
console.warn: services.settings: blocklists/gfx sync interrupted by shutdown
console.warn: services.settings: main/hijack-blocklists sync interrupted by shutdown
1617605081929	addons.xpi	ERROR	System addon update list error Error: Failed downloading XML, status: 0, reason: error
1617605082036	Marionette	INFO	Stopped listening on port 50708

###!!! [Child][RunMessage] Error: Channel closing: too late to send/recv, messages will be lost

ces.settings: 
  Message: TypeError: NetworkError when attempting to fetch resource.
1617605082830	addons.xpi	ERROR	System addon update list error Error: Failed downloading XML, status: 0, reason: error
console.warn: services.settings: main/fxmonitor-breaches sync interrupted by shutdown
console.warn: services.settings: main/top-sites sync interrupted by shutdown
1617605082925	Marionette	INFO	Stopped listening on port 50767

###!!! [Child][RunMessage] Error: Channel closing: too late to send/recv, messages will be lost

es.settings: 
  Message: TypeError: NetworkError when attempting to fetch resource.
console.warn: services.settings: pinning/pins sync interrupted by shutdown
1617605080808	Marionette	INFO	Stopped listening on port 50822

###!!! [Child][RunMessage] Error: Channel closing: too late to send/recv, messages will be lost

1617608864111	geckodriver	INFO	Listening on 127.0.0.1:51707
1617608867167	mozrunner::runner	INFO	Running command: "C:\\Program Files\\Mozilla Firefox\\firefox.exe" "--marionette" "-foreground" "-no-remote" "-profile" "C:\\Users\\ASUS\\AppData\\Local\\Temp\\rust_mozprofileKWrZI3"
console.warn: SearchSettings: "get: No settings file exists, new profile?" (new Error("", "(unknown module)"))
1617608870029	Marionette	INFO	Listening on port 51715
1617608870345	Marionette	WARN	TLS certificate errors will be ignored for this session
console.error: Region.jsm: "Error fetching region" (new Error("TIMEOUT", "resource://gre/modules/Region.jsm", 772))
console.error: Region.jsm: "Failed to fetch region" (new Error("TIMEOUT", "resource://gre/modules/Region.jsm", 419))
1617608989863	Marionette	INFO	Stopped listening on port 51715

###!!! [Child][RunMessage] Error: Channel closing: too late to send/recv, messages will be lost

1617609013723	geckodriver	INFO	Listening on 127.0.0.1:51808
1617609016744	mozrunner::runner	INFO	Running command: "C:\\Program Files\\Mozilla Firefox\\firefox.exe" "--marionette" "-foreground" "-no-remote" "-profile" "C:\\Users\\ASUS\\AppData\\Local\\Temp\\rust_mozprofiley76MFN"
console.warn: SearchSettings: "get: No settings file exists, new profile?" (new Error("", "(unknown module)"))
1617609019214	Marionette	INFO	Listening on port 51816
1617609019700	Marionette	WARN	TLS certificate errors will be ignored for this session
console.error: Region.jsm: "Error fetching region" (new Error("TIMEOUT", "resource://gre/modules/Region.jsm", 772))
console.error: Region.jsm: "Failed to fetch region" (new Error("TIMEOUT", "resource://gre/modules/Region.jsm", 419))
JavaScript error: resource://gre/actors/PictureInPictureChild.jsm, line 571: TypeError: this.contentWindow is null
JavaScript error: resource://gre/actors/PictureInPictureChild.jsm, line 301: InvalidStateError: JSWindowActorChild.contentWindow getter: Cannot access property 'contentWindow' after actor 'PictureInPictureToggle' has been destroyed
console.log: WebExtensions: reset-default-search: No addons in our list are installed.
console.error: services.settings: 
  pinning/pins Signature failed  TypeError: NetworkError when attempting to fetch resource.
console.error: services.settings: 
  Message: TypeError: NetworkError when attempting to fetch resource.
1617611090126	Marionette	INFO	Stopped listening on port 51816

###!!! [Child][RunMessage] Error: Channel closing: too late to send/recv, messages will be lost

ine 571: TypeError: this.contentWindow is null
JavaScript error: resource://gre/actors/PictureInPictureChild.jsm, line 301: InvalidStateError: JSWindowActorChild.contentWindow getter: Cannot access property 'contentWindow' after actor 'PictureInPictureToggle' has been destroyed
console.log: WebExtensions: reset-default-search: No addons in our list are installed.
console.error: services.settings: 
DOMException
  - prototype DOMException
    - ABORT_ERR = 20
    - DATA_CLONE_ERR = 25
    - DOMSTRING_SIZE_ERR = 2
    - HIERARCHY_REQUEST_ERR = 3
    - INDEX_SIZE_ERR = 1
    - INUSE_ATTRIBUTE_ERR = 10
    - INVALID_ACCESS_ERR = 15
    - INVALID_CHARACTER_ERR = 5
    - INVALID_MODIFICATION_ERR = 13
    - INVALID_NODE_TYPE_ERR = 24
    - INVALID_STATE_ERR = 11
    - NAMESPACE_ERR = 14
    - NETWORK_ERR = 19
    - NOT_FOUND_ERR = 8
    - NOT_SUPPORTED_ERR = 9
    - NO_DATA_ALLOWED_ERR = 6
    - NO_MODIFICATION_ALLOWED_ERR = 7
    - QUOTA_EXCEEDED_ERR = 22
    - SECURITY_ERR = 18
    - SYNTAX_ERR = 12
    - TIMEOUT_ERR = 23
    - TYPE_MISMATCH_ERR = 17
    - URL_MISMATCH_ERR = 21
    - VALIDATION_ERR = 16
    - WRONG_DOCUMENT_ERR = 4
    - code = 20
    - columnNumber = 0
    - data = null
    - filename = 
    - lineNumber = 0
    - location = null
    - message = The operation was aborted. 
    - name = AbortError
    - result = 2152923156
    - stack = 
  - prototype Error
  - prototype Object
1617611091028	Marionette	INFO	Stopped listening on port 51917

###!!! [Child][RunMessage] Error: Channel closing: too late to send/recv, messages will be lost

1617611197258	geckodriver	INFO	Listening on 127.0.0.1:52358
1617611200295	mozrunner::runner	INFO	Running command: "C:\\Program Files\\Mozilla Firefox\\firefox.exe" "--marionette" "-foreground" "-no-remote" "-profile" "C:\\Users\\ASUS\\AppData\\Local\\Temp\\rust_mozprofilejDDaEH"
console.warn: SearchSettings: "get: No settings file exists, new profile?" (new Error("", "(unknown module)"))
1617611202650	Marionette	INFO	Listening on port 52366
1617611202901	Marionette	WARN	TLS certificate errors will be ignored for this session
console.error: Region.jsm: "Error fetching region" (new Error("TIMEOUT", "resource://gre/modules/Region.jsm", 772))
console.error: Region.jsm: "Failed to fetch region" (new Error("TIMEOUT", "resource://gre/modules/Region.jsm", 419))
1617611231731	Marionette	WARN	TimedPromise timed out after 500 ms: stacktrace:
TimedPromise/<@chrome://marionette/content/sync.js:231:19
TimedPromise@chrome://marionette/content/sync.js:216:10
interaction.flushEventLoop@chrome://marionette/content/interaction.js:433:10
webdriverClickElement@chrome://marionette/content/interaction.js:179:31
1617611280681	Marionette	INFO	Stopped listening on port 52366

###!!! [Child][RunMessage] Error: Channel closing: too late to send/recv, messages will be lost

1617611291858	geckodriver	INFO	Listening on 127.0.0.1:52447
1617611294914	mozrunner::runner	INFO	Running command: "C:\\Program Files\\Mozilla Firefox\\firefox.exe" "--marionette" "-foreground" "-no-remote" "-profile" "C:\\Users\\ASUS\\AppData\\Local\\Temp\\rust_mozprofiledcQStx"
console.warn: SearchSettings: "get: No settings file exists, new profile?" (new Error("", "(unknown module)"))
1617611297387	Marionette	INFO	Listening on port 52455
1617611297592	Marionette	WARN	TLS certificate errors will be ignored for this session
console.error: Region.jsm: "Error fetching region" (new Error("TIMEOUT", "resource://gre/modules/Region.jsm", 772))
console.error: Region.jsm: "Failed to fetch region" (new Error("TIMEOUT", "resource://gre/modules/Region.jsm", 419))
JavaScript error: , line 0: AbortError: A request was aborted, for example through a call to IDBTransaction.abort.
1617611350626	Marionette	INFO	Stopped listening on port 52455

###!!! [Child][RunMessage] Error: Channel closing: too late to send/recv, messages will be lost

console.warn: SearchSettings: "get: No settings file exists, new profile?" (new Error("", "(unknown module)"))
1617611347934	Marionette	INFO	Listening on port 52532
1617611347978	Marionette	WARN	TLS certificate errors will be ignored for this session
console.error: Region.jsm: "Error fetching region" (new Error("TIMEOUT", "resource://gre/modules/Region.jsm", 772))
console.error: Region.jsm: "Failed to fetch region" (new Error("TIMEOUT", "resource://gre/modules/Region.jsm", 419))
1617611386148	Marionette	INFO	Stopped listening on port 52532

###!!! [Child][RunMessage] Error: Channel closing: too late to send/recv, messages will be lost

